[2020-01-10 16:56:09,828] (main)(Configuration.java): ConfigDescriptor [sleep=5, logPath=/data/aee_exp/,/data/core/,/mnt/sdcard/mtklog/aee_exp/,/mnt/sdcard0/mtklog/,/mnt/sdcard/mtklog/,/mnt/sdcard2/mtklog/,/mnt/sdcard1/mtklog/,/mnt/m_external_sd/mtklog,data/aee_exp,data/vendor/mtklog/aee_exp,/data/tombstones/,/data/mdlog/bootupLog/,/mnt/sdcard/mtklog/taglog/,, pcStoragePath=D:\AutoTest\monkey\log, pull_modem_log=true]
[2020-01-10 16:56:09,830] (main)(Main.java): LoNg version: v2.1710.5
[2020-01-10 16:56:09,832] (main)(AdbAdapter.java): shell cmd:  D:\AutoTest\monkey\log\adb devices
[2020-01-10 16:56:09,889] (main)(AdbOP.java): device SN: S19F00013
[2020-01-10 16:56:09,895] (thread_S19F00013)(AdbAdapter.java): shell cmd:  D:\AutoTest\monkey\log\adb -s S19F00013 shell am broadcast -a com.mediatek.mtklogger.ADB_CMD -e cmd_name switch_taglog --ei cmd_target 0 -f 0x04000000
[2020-01-10 16:56:10,122] (thread_S19F00013)(AdbAdapter.java): shell cmd:  D:\AutoTest\monkey\log\adb -s S19F00013 shell ls -R -l /data/aee_exp/ /data/core/ /mnt/sdcard/mtklog/aee_exp/ /mnt/sdcard0/mtklog/ /mnt/m_external_sd/mtklog/ /mnt/sdcard/mtklog/ /mnt/sdcard2/mtklog/ /mnt/sdcard1/mtklog/ data/vendor/mtklog/aee_exp/ /data/tombstones/ /data/mdlog/bootupLog/ data/aee_exp/ /mnt/sdcard/mtklog/taglog/
[2020-01-10 16:56:10,302] (thread_S19F00013)(AdbAdapter.java): shell cmd:  D:\AutoTest\monkey\log\adb -s S19F00013 shell id
[2020-01-10 16:56:10,549] (thread_S19F00013)(AdbAdapter.java): shell cmd:  D:\AutoTest\monkey\log\adb -s S19F00013 shell am broadcast -a com.mediatek.mtklogger.ADB_CMD -e cmd_name start --ei cmd_target 7 -f 0x04000000
[2020-01-10 16:56:15,830] (thread_S19F00013)(AdbAdapter.java): shell cmd:  D:\AutoTest\monkey\log\adb -s S19F00013 shell date +%Y-%m-%d_%H:%M:%S
[2020-01-10 16:56:15,981] (thread_S19F00013)(ProcessRun.java): get devices time success!!
[2020-01-10 16:56:15,986] (thread_S19F00013)(ProcessRun.java): skip root folder: /mnt/sdcard/mtklog/netlog/
[2020-01-10 16:56:15,986] (thread_S19F00013)(ProcessRun.java): skip root folder: /mnt/sdcard/mtklog/mobilelog/
[2020-01-10 16:56:15,986] (thread_S19F00013)(ProcessRun.java): skip root folder: /mnt/sdcard/mtklog/mdlog1/
[2020-01-10 16:56:15,987] (thread_S19F00013)(ProcessRun.java): skip currentMobilelogFolder: /mnt/sdcard/mtklog/mobilelog/APLog_2020_0110_141225__6/
[2020-01-10 16:56:15,987] (thread_S19F00013)(ProcessRun.java): skip currentNetlogFolder: /mnt/sdcard/mtklog/netlog/NTLog_2020_0110_141225/
[2020-01-10 16:56:15,987] (thread_S19F00013)(ProcessRun.java): skip currentModemlog_1_Folder: /mnt/sdcard/mtklog/mdlog1/MDLog1_2020_0110_141228/
[2020-01-10 16:56:15,989] (thread_S19F00013)(ProcessRun.java): current netlog: /mnt/sdcard/mtklog/netlog/NTLog_2020_0110_141225/tcpdump_NTLog_2020_0110_141225_start.cap.tmp
[2020-01-10 16:56:15,989] (thread_S19F00013)(ProcessRun.java): current mdlog1: /mnt/sdcard/mtklog/mdlog1/MDLog1_2020_0110_141228/version_info.txt
[2020-01-10 16:56:15,989] (thread_S19F00013)(ProcessRun.java): current mdlog1: /mnt/sdcard/mtklog/mdlog1/MDLog1_2020_0110_141228/MDLog1_2020_0110_164607.muxz.tmp
[2020-01-10 16:56:15,993] (thread_S19F00013)(AdbAdapter.java): shell cmd:  D:\AutoTest\monkey\log\adb -s S19F00013 pull /data/aee_exp/db_history D:\AutoTest\monkey\log/MTBF-log/20200110_165609/S19F00013/mtklog_20200110_165615/data/aee_exp/db_history
[2020-01-10 16:56:17,062] (thread_S19F00013)(AdbOP.java): Shell cmd will not rm ReadOnly file: /data/aee_exp/db_history
[2020-01-10 16:56:17,079] (thread_S19F00013)(ProcessRun.java): NO logs pulled out in this check !!!
[2020-01-10 16:56:17,080] (thread_S19F00013)(ProcessRun.java): delete dir: D:\AutoTest\monkey\log/MTBF-log/20200110_165609/S19F00013/mtklog_20200110_165615/
[2020-01-10 16:56:17,092] (thread_S19F00013)(ProcessRun.java): Sleep 292s
[2020-01-10 16:57:56,585] (main)(Configuration.java): ConfigDescriptor [sleep=5, logPath=/data/aee_exp/,/data/core/,/mnt/sdcard/mtklog/aee_exp/,/mnt/sdcard0/mtklog/,/mnt/sdcard/mtklog/,/mnt/sdcard2/mtklog/,/mnt/sdcard1/mtklog/,/mnt/m_external_sd/mtklog,data/aee_exp,data/vendor/mtklog/aee_exp,/data/tombstones/,/data/mdlog/bootupLog/,/mnt/sdcard/mtklog/taglog/,, pcStoragePath=D:\AutoTest\monkey\log, pull_modem_log=true]
[2020-01-10 16:57:56,587] (main)(Main.java): LoNg version: v2.1710.5
[2020-01-10 16:57:56,589] (main)(AdbAdapter.java): shell cmd:  D:\AutoTest\monkey\log\adb devices
[2020-01-10 16:57:56,647] (main)(AdbOP.java): device SN: S19F00013
[2020-01-10 16:57:56,653] (thread_S19F00013)(AdbAdapter.java): shell cmd:  D:\AutoTest\monkey\log\adb -s S19F00013 shell am broadcast -a com.mediatek.mtklogger.ADB_CMD -e cmd_name switch_taglog --ei cmd_target 0 -f 0x04000000
[2020-01-10 16:57:56,866] (thread_S19F00013)(AdbAdapter.java): shell cmd:  D:\AutoTest\monkey\log\adb -s S19F00013 shell ls -R -l /data/aee_exp/ /data/core/ /mnt/sdcard/mtklog/aee_exp/ /mnt/sdcard0/mtklog/ /mnt/m_external_sd/mtklog/ /mnt/sdcard/mtklog/ /mnt/sdcard2/mtklog/ /mnt/sdcard1/mtklog/ data/vendor/mtklog/aee_exp/ /data/tombstones/ /data/mdlog/bootupLog/ data/aee_exp/ /mnt/sdcard/mtklog/taglog/
[2020-01-10 16:57:57,119] (thread_S19F00013)(AdbAdapter.java): shell cmd:  D:\AutoTest\monkey\log\adb -s S19F00013 shell id
[2020-01-10 16:57:57,308] (thread_S19F00013)(AdbAdapter.java): shell cmd:  D:\AutoTest\monkey\log\adb -s S19F00013 shell am broadcast -a com.mediatek.mtklogger.ADB_CMD -e cmd_name start --ei cmd_target 7 -f 0x04000000
[2020-01-10 16:58:02,445] (thread_S19F00013)(AdbAdapter.java): shell cmd:  D:\AutoTest\monkey\log\adb -s S19F00013 shell date +%Y-%m-%d_%H:%M:%S
[2020-01-10 16:58:02,606] (thread_S19F00013)(ProcessRun.java): get devices time success!!
[2020-01-10 16:58:02,607] (thread_S19F00013)(ProcessRun.java): skip root folder: /mnt/sdcard/mtklog/netlog/
[2020-01-10 16:58:02,607] (thread_S19F00013)(ProcessRun.java): skip root folder: /mnt/sdcard/mtklog/mobilelog/
[2020-01-10 16:58:02,608] (thread_S19F00013)(ProcessRun.java): skip root folder: /mnt/sdcard/mtklog/mdlog1/
[2020-01-10 16:58:02,608] (thread_S19F00013)(ProcessRun.java): skip currentMobilelogFolder: /mnt/sdcard/mtklog/mobilelog/APLog_2020_0110_165733__7/
[2020-01-10 16:58:02,609] (thread_S19F00013)(ProcessRun.java): skip currentNetlogFolder: /mnt/sdcard/mtklog/netlog/NTLog_2020_0110_165733/
[2020-01-10 16:58:02,609] (thread_S19F00013)(ProcessRun.java): skip currentModemlog_1_Folder: /mnt/sdcard/mtklog/mdlog1/MDLog1_2020_0110_165736/
[2020-01-10 16:58:02,613] (thread_S19F00013)(ProcessRun.java): current netlog: /mnt/sdcard/mtklog/netlog/NTLog_2020_0110_165733/tcpdump_NTLog_2020_0110_165733_start.cap.tmp
[2020-01-10 16:58:02,615] (thread_S19F00013)(ProcessRun.java): current mdlog1: /mnt/sdcard/mtklog/mdlog1/MDLog1_2020_0110_165736/version_info.txt
[2020-01-10 16:58:02,615] (thread_S19F00013)(ProcessRun.java): current mdlog1: /mnt/sdcard/mtklog/mdlog1/MDLog1_2020_0110_165736/MDLog1_2020_0110_165736.muxz.tmp
[2020-01-10 16:58:02,621] (thread_S19F00013)(AdbAdapter.java): shell cmd:  D:\AutoTest\monkey\log\adb -s S19F00013 shell mv /mnt/sdcard/mtklog/mobilelog/APLog_2020_0110_141225__6/sys_log_7__2020_0110_165651 /mnt/sdcard/mtklog/mobilelog/APLog_2020_0110_141225__6/sys_log_7__2020_0110_165651.LoNg
[2020-01-10 16:58:02,778] (thread_S19F00013)(AdbAdapter.java): shell cmd:  D:\AutoTest\monkey\log\adb -s S19F00013 shell mv /mnt/sdcard/mtklog/mobilelog/APLog_2020_0110_141225__6/sspm_log_12__2020_0110_165651 /mnt/sdcard/mtklog/mobilelog/APLog_2020_0110_141225__6/sspm_log_12__2020_0110_165651.LoNg
[2020-01-10 16:58:02,933] (thread_S19F00013)(AdbAdapter.java): shell cmd:  D:\AutoTest\monkey\log\adb -s S19F00013 shell mv /mnt/sdcard/mtklog/mobilelog/APLog_2020_0110_141225__6/radio_log_5__2020_0110_165651 /mnt/sdcard/mtklog/mobilelog/APLog_2020_0110_141225__6/radio_log_5__2020_0110_165651.LoNg
[2020-01-10 16:58:03,109] (thread_S19F00013)(AdbAdapter.java): shell cmd:  D:\AutoTest\monkey\log\adb -s S19F00013 shell mv /mnt/sdcard/mtklog/mobilelog/APLog_2020_0110_141225__6/main_log_4__2020_0110_165651 /mnt/sdcard/mtklog/mobilelog/APLog_2020_0110_141225__6/main_log_4__2020_0110_165651.LoNg
[2020-01-10 16:58:03,224] (thread_S19F00013)(AdbAdapter.java): shell cmd:  D:\AutoTest\monkey\log\adb -s S19F00013 shell mv /mnt/sdcard/mtklog/mobilelog/APLog_2020_0110_141225__6/kernel_log_9__2020_0110_165651 /mnt/sdcard/mtklog/mobilelog/APLog_2020_0110_141225__6/kernel_log_9__2020_0110_165651.LoNg
[2020-01-10 16:58:03,396] (thread_S19F00013)(AdbAdapter.java): shell cmd:  D:\AutoTest\monkey\log\adb -s S19F00013 shell mv /mnt/sdcard/mtklog/mobilelog/APLog_2020_0110_141225__6/events_log_6__2020_0110_165651 /mnt/sdcard/mtklog/mobilelog/APLog_2020_0110_141225__6/events_log_6__2020_0110_165651.LoNg
[2020-01-10 16:58:03,563] (thread_S19F00013)(AdbAdapter.java): shell cmd:  D:\AutoTest\monkey\log\adb -s S19F00013 shell mv /mnt/sdcard/mtklog/mobilelog/APLog_2020_0110_141225__6/crash_log_8__2020_0110_165651 /mnt/sdcard/mtklog/mobilelog/APLog_2020_0110_141225__6/crash_log_8__2020_0110_165651.LoNg
[2020-01-10 16:58:03,778] (thread_S19F00013)(AdbAdapter.java): shell cmd:  D:\AutoTest\monkey\log\adb -s S19F00013 shell mv /mnt/sdcard/mtklog/mobilelog/APLog_2020_0110_141225__6/bsp_log_11__2020_0110_165651 /mnt/sdcard/mtklog/mobilelog/APLog_2020_0110_141225__6/bsp_log_11__2020_0110_165651.LoNg
[2020-01-10 16:58:03,977] (thread_S19F00013)(AdbAdapter.java): shell cmd:  D:\AutoTest\monkey\log\adb -s S19F00013 shell mv /mnt/sdcard/mtklog/mobilelog/APLog_2020_0110_141225__6/atf_log_10__2020_0110_165651 /mnt/sdcard/mtklog/mobilelog/APLog_2020_0110_141225__6/atf_log_10__2020_0110_165651.LoNg
[2020-01-10 16:58:04,164] (thread_S19F00013)(AdbAdapter.java): shell cmd:  D:\AutoTest\monkey\log\adb -s S19F00013 pull /mnt/sdcard/mtklog/netlog/NTLog_2020_0110_141225/tcpdump_NTLog_2020_0110_141225_start.cap.tmp D:\AutoTest\monkey\log/MTBF-log/20200110_165756/S19F00013/mtklog_20200110_165802/mnt/sdcard/mtklog/netlog/NTLog_2020_0110_141225/tcpdump_NTLog_2020_0110_141225_start.cap.tmp
[2020-01-10 16:58:05,244] (thread_S19F00013)(AdbAdapter.java): shell cmd:  D:\AutoTest\monkey\log\adb -s S19F00013 pull /mnt/sdcard/mtklog/netlog/NTLog_2020_0110_141225/dump-stats-2020_0110_165651_stop.txt D:\AutoTest\monkey\log/MTBF-log/20200110_165756/S19F00013/mtklog_20200110_165802/mnt/sdcard/mtklog/netlog/NTLog_2020_0110_141225/dump-stats-2020_0110_165651_stop.txt
[2020-01-10 16:58:06,431] (thread_S19F00013)(AdbAdapter.java): shell cmd:  D:\AutoTest\monkey\log\adb -s S19F00013 pull /mnt/sdcard/mtklog/mobilelog/APLog_2020_0110_165733__7/sys_log.boot D:\AutoTest\monkey\log/MTBF-log/20200110_165756/S19F00013/mtklog_20200110_165802/mnt/sdcard/mtklog/mobilelog/APLog_2020_0110_165733__7/sys_log.boot
[2020-01-10 16:58:07,543] (thread_S19F00013)(AdbAdapter.java): shell cmd:  D:\AutoTest\monkey\log\adb -s S19F00013 pull /mnt/sdcard/mtklog/mobilelog/APLog_2020_0110_165733__7/sspm_log.boot D:\AutoTest\monkey\log/MTBF-log/20200110_165756/S19F00013/mtklog_20200110_165802/mnt/sdcard/mtklog/mobilelog/APLog_2020_0110_165733__7/sspm_log.boot
[2020-01-10 16:58:08,622] (thread_S19F00013)(AdbAdapter.java): shell cmd:  D:\AutoTest\monkey\log\adb -s S19F00013 pull /mnt/sdcard/mtklog/mobilelog/APLog_2020_0110_165733__7/radio_log.boot D:\AutoTest\monkey\log/MTBF-log/20200110_165756/S19F00013/mtklog_20200110_165802/mnt/sdcard/mtklog/mobilelog/APLog_2020_0110_165733__7/radio_log.boot
[2020-01-10 16:58:09,697] (thread_S19F00013)(AdbAdapter.java): shell cmd:  D:\AutoTest\monkey\log\adb -s S19F00013 pull /mnt/sdcard/mtklog/mobilelog/APLog_2020_0110_165733__7/main_log.boot D:\AutoTest\monkey\log/MTBF-log/20200110_165756/S19F00013/mtklog_20200110_165802/mnt/sdcard/mtklog/mobilelog/APLog_2020_0110_165733__7/main_log.boot
[2020-01-10 16:58:10,865] (thread_S19F00013)(AdbAdapter.java): shell cmd:  D:\AutoTest\monkey\log\adb -s S19F00013 pull /mnt/sdcard/mtklog/mobilelog/APLog_2020_0110_165733__7/kernel_log.boot D:\AutoTest\monkey\log/MTBF-log/20200110_165756/S19F00013/mtklog_20200110_165802/mnt/sdcard/mtklog/mobilelog/APLog_2020_0110_165733__7/kernel_log.boot
[2020-01-10 16:58:12,049] (thread_S19F00013)(AdbAdapter.java): shell cmd:  D:\AutoTest\monkey\log\adb -s S19F00013 pull /mnt/sdcard/mtklog/mobilelog/APLog_2020_0110_165733__7/events_log.boot D:\AutoTest\monkey\log/MTBF-log/20200110_165756/S19F00013/mtklog_20200110_165802/mnt/sdcard/mtklog/mobilelog/APLog_2020_0110_165733__7/events_log.boot
[2020-01-10 16:58:13,135] (thread_S19F00013)(AdbAdapter.java): shell cmd:  D:\AutoTest\monkey\log\adb -s S19F00013 pull /mnt/sdcard/mtklog/mobilelog/APLog_2020_0110_165733__7/crash_log.boot D:\AutoTest\monkey\log/MTBF-log/20200110_165756/S19F00013/mtklog_20200110_165802/mnt/sdcard/mtklog/mobilelog/APLog_2020_0110_165733__7/crash_log.boot
[2020-01-10 16:58:14,230] (thread_S19F00013)(AdbAdapter.java): shell cmd:  D:\AutoTest\monkey\log\adb -s S19F00013 pull /mnt/sdcard/mtklog/mobilelog/APLog_2020_0110_165733__7/bsp_log.boot D:\AutoTest\monkey\log/MTBF-log/20200110_165756/S19F00013/mtklog_20200110_165802/mnt/sdcard/mtklog/mobilelog/APLog_2020_0110_165733__7/bsp_log.boot
[2020-01-10 16:58:15,347] (thread_S19F00013)(AdbAdapter.java): shell cmd:  D:\AutoTest\monkey\log\adb -s S19F00013 pull /mnt/sdcard/mtklog/mobilelog/APLog_2020_0110_165733__7/atf_log.boot D:\AutoTest\monkey\log/MTBF-log/20200110_165756/S19F00013/mtklog_20200110_165802/mnt/sdcard/mtklog/mobilelog/APLog_2020_0110_165733__7/atf_log.boot
[2020-01-10 16:58:16,445] (thread_S19F00013)(AdbAdapter.java): shell cmd:  D:\AutoTest\monkey\log\adb -s S19F00013 pull /mnt/sdcard/mtklog/mobilelog/APLog_2020_0110_141225__6/sys_log_7__2020_0110_165651.LoNg D:\AutoTest\monkey\log/MTBF-log/20200110_165756/S19F00013/mtklog_20200110_165802/mnt/sdcard/mtklog/mobilelog/APLog_2020_0110_141225__6/sys_log_7__2020_0110_165651.LoNg
[2020-01-10 16:58:17,597] (thread_S19F00013)(AdbAdapter.java): shell cmd:  D:\AutoTest\monkey\log\adb -s S19F00013 pull /mnt/sdcard/mtklog/mobilelog/APLog_2020_0110_141225__6/sspm_log_12__2020_0110_165651.LoNg D:\AutoTest\monkey\log/MTBF-log/20200110_165756/S19F00013/mtklog_20200110_165802/mnt/sdcard/mtklog/mobilelog/APLog_2020_0110_141225__6/sspm_log_12__2020_0110_165651.LoNg
[2020-01-10 16:58:18,704] (thread_S19F00013)(AdbAdapter.java): shell cmd:  D:\AutoTest\monkey\log\adb -s S19F00013 pull /mnt/sdcard/mtklog/mobilelog/APLog_2020_0110_141225__6/radio_log_5__2020_0110_165651.LoNg D:\AutoTest\monkey\log/MTBF-log/20200110_165756/S19F00013/mtklog_20200110_165802/mnt/sdcard/mtklog/mobilelog/APLog_2020_0110_141225__6/radio_log_5__2020_0110_165651.LoNg
[2020-01-10 16:58:19,985] (thread_S19F00013)(AdbAdapter.java): shell cmd:  D:\AutoTest\monkey\log\adb -s S19F00013 pull /mnt/sdcard/mtklog/mobilelog/APLog_2020_0110_141225__6/properties D:\AutoTest\monkey\log/MTBF-log/20200110_165756/S19F00013/mtklog_20200110_165802/mnt/sdcard/mtklog/mobilelog/APLog_2020_0110_141225__6/properties
[2020-01-10 16:58:21,101] (thread_S19F00013)(AdbAdapter.java): shell cmd:  D:\AutoTest\monkey\log\adb -s S19F00013 pull /mnt/sdcard/mtklog/mobilelog/APLog_2020_0110_141225__6/pl_lk D:\AutoTest\monkey\log/MTBF-log/20200110_165756/S19F00013/mtklog_20200110_165802/mnt/sdcard/mtklog/mobilelog/APLog_2020_0110_141225__6/pl_lk
[2020-01-10 16:58:22,222] (thread_S19F00013)(AdbAdapter.java): shell cmd:  D:\AutoTest\monkey\log\adb -s S19F00013 pull /mnt/sdcard/mtklog/mobilelog/APLog_2020_0110_141225__6/mblog_history D:\AutoTest\monkey\log/MTBF-log/20200110_165756/S19F00013/mtklog_20200110_165802/mnt/sdcard/mtklog/mobilelog/APLog_2020_0110_141225__6/mblog_history
[2020-01-10 16:58:23,293] (thread_S19F00013)(AdbAdapter.java): shell cmd:  D:\AutoTest\monkey\log\adb -s S19F00013 pull /mnt/sdcard/mtklog/mobilelog/APLog_2020_0110_141225__6/main_log_4__2020_0110_165651.LoNg D:\AutoTest\monkey\log/MTBF-log/20200110_165756/S19F00013/mtklog_20200110_165802/mnt/sdcard/mtklog/mobilelog/APLog_2020_0110_141225__6/main_log_4__2020_0110_165651.LoNg
[2020-01-10 16:58:25,278] (thread_S19F00013)(AdbAdapter.java): shell cmd:  D:\AutoTest\monkey\log\adb -s S19F00013 pull /mnt/sdcard/mtklog/mobilelog/APLog_2020_0110_141225__6/last_kmsg D:\AutoTest\monkey\log/MTBF-log/20200110_165756/S19F00013/mtklog_20200110_165802/mnt/sdcard/mtklog/mobilelog/APLog_2020_0110_141225__6/last_kmsg
[2020-01-10 16:58:26,432] (thread_S19F00013)(AdbAdapter.java): shell cmd:  D:\AutoTest\monkey\log\adb -s S19F00013 pull /mnt/sdcard/mtklog/mobilelog/APLog_2020_0110_141225__6/kernel_log_9__2020_0110_165651.LoNg D:\AutoTest\monkey\log/MTBF-log/20200110_165756/S19F00013/mtklog_20200110_165802/mnt/sdcard/mtklog/mobilelog/APLog_2020_0110_141225__6/kernel_log_9__2020_0110_165651.LoNg
[2020-01-10 16:58:27,760] (thread_S19F00013)(AdbAdapter.java): shell cmd:  D:\AutoTest\monkey\log\adb -s S19F00013 pull /mnt/sdcard/mtklog/mobilelog/APLog_2020_0110_141225__6/events_log_6__2020_0110_165651.LoNg D:\AutoTest\monkey\log/MTBF-log/20200110_165756/S19F00013/mtklog_20200110_165802/mnt/sdcard/mtklog/mobilelog/APLog_2020_0110_141225__6/events_log_6__2020_0110_165651.LoNg
[2020-01-10 16:58:29,064] (thread_S19F00013)(AdbAdapter.java): shell cmd:  D:\AutoTest\monkey\log\adb -s S19F00013 pull /mnt/sdcard/mtklog/mobilelog/APLog_2020_0110_141225__6/crash_log_8__2020_0110_165651.LoNg D:\AutoTest\monkey\log/MTBF-log/20200110_165756/S19F00013/mtklog_20200110_165802/mnt/sdcard/mtklog/mobilelog/APLog_2020_0110_141225__6/crash_log_8__2020_0110_165651.LoNg
[2020-01-10 16:58:30,186] (thread_S19F00013)(AdbAdapter.java): shell cmd:  D:\AutoTest\monkey\log\adb -s S19F00013 pull /mnt/sdcard/mtklog/mobilelog/APLog_2020_0110_141225__6/cmdline D:\AutoTest\monkey\log/MTBF-log/20200110_165756/S19F00013/mtklog_20200110_165802/mnt/sdcard/mtklog/mobilelog/APLog_2020_0110_141225__6/cmdline
[2020-01-10 16:58:31,325] (thread_S19F00013)(AdbAdapter.java): shell cmd:  D:\AutoTest\monkey\log\adb -s S19F00013 pull /mnt/sdcard/mtklog/mobilelog/APLog_2020_0110_141225__6/bsp_log_11__2020_0110_165651.LoNg D:\AutoTest\monkey\log/MTBF-log/20200110_165756/S19F00013/mtklog_20200110_165802/mnt/sdcard/mtklog/mobilelog/APLog_2020_0110_141225__6/bsp_log_11__2020_0110_165651.LoNg
[2020-01-10 16:58:32,616] (thread_S19F00013)(AdbAdapter.java): shell cmd:  D:\AutoTest\monkey\log\adb -s S19F00013 pull /mnt/sdcard/mtklog/mobilelog/APLog_2020_0110_141225__6/bootprof D:\AutoTest\monkey\log/MTBF-log/20200110_165756/S19F00013/mtklog_20200110_165802/mnt/sdcard/mtklog/mobilelog/APLog_2020_0110_141225__6/bootprof
[2020-01-10 16:58:33,729] (thread_S19F00013)(AdbAdapter.java): shell cmd:  D:\AutoTest\monkey\log\adb -s S19F00013 pull /mnt/sdcard/mtklog/mobilelog/APLog_2020_0110_141225__6/atf_log_10__2020_0110_165651.LoNg D:\AutoTest\monkey\log/MTBF-log/20200110_165756/S19F00013/mtklog_20200110_165802/mnt/sdcard/mtklog/mobilelog/APLog_2020_0110_141225__6/atf_log_10__2020_0110_165651.LoNg
[2020-01-10 16:58:35,308] (thread_S19F00013)(AdbAdapter.java): shell cmd:  D:\AutoTest\monkey\log\adb -s S19F00013 pull /mnt/sdcard/mtklog/mobilelog/APLog_2020_0110_141225__6/ProjectConfig.mk D:\AutoTest\monkey\log/MTBF-log/20200110_165756/S19F00013/mtklog_20200110_165802/mnt/sdcard/mtklog/mobilelog/APLog_2020_0110_141225__6/ProjectConfig.mk
[2020-01-10 16:58:36,402] (thread_S19F00013)(AdbAdapter.java): shell cmd:  D:\AutoTest\monkey\log\adb -s S19F00013 pull /mnt/sdcard/mtklog/mdlog1_config/filter_config D:\AutoTest\monkey\log/MTBF-log/20200110_165756/S19F00013/mtklog_20200110_165802/mnt/sdcard/mtklog/mdlog1_config/filter_config
[2020-01-10 16:58:37,499] (thread_S19F00013)(AdbAdapter.java): shell cmd:  D:\AutoTest\monkey\log\adb -s S19F00013 pull /mnt/sdcard/mtklog/mdlog1/MDLog1_2020_0110_165736/mdm_layout_desc_1_ulwctg_n.dat D:\AutoTest\monkey\log/MTBF-log/20200110_165756/S19F00013/mtklog_20200110_165802/mnt/sdcard/mtklog/mdlog1/MDLog1_2020_0110_165736/mdm_layout_desc_1_ulwctg_n.dat
[2020-01-10 16:58:39,357] (thread_S19F00013)(AdbAdapter.java): shell cmd:  D:\AutoTest\monkey\log\adb -s S19F00013 pull /mnt/sdcard/mtklog/mdlog1/MDLog1_2020_0110_165736/MDLog1_2020_0110_165720_data.muxz D:\AutoTest\monkey\log/MTBF-log/20200110_165756/S19F00013/mtklog_20200110_165802/mnt/sdcard/mtklog/mdlog1/MDLog1_2020_0110_165736/MDLog1_2020_0110_165720_data.muxz
[2020-01-10 16:58:40,592] (thread_S19F00013)(AdbAdapter.java): shell cmd:  D:\AutoTest\monkey\log\adb -s S19F00013 pull /mnt/sdcard/mtklog/mdlog1/MDLog1_2020_0110_165736/MDDB_InfoCustomAppSrcP_MT6763_S00_MOLY_LR12A_R2_MP_V61_22_1_ulwctg_n.EDB D:\AutoTest\monkey\log/MTBF-log/20200110_165756/S19F00013/mtklog_20200110_165802/mnt/sdcard/mtklog/mdlog1/MDLog1_2020_0110_165736/MDDB_InfoCustomAppSrcP_MT6763_S00_MOLY_LR12A_R2_MP_V61_22_1_ulwctg_n.EDB
[2020-01-10 16:58:43,327] (thread_S19F00013)(AdbAdapter.java): shell cmd:  D:\AutoTest\monkey\log\adb -s S19F00013 pull /mnt/sdcard/mtklog/mdlog1/MDLog1_2020_0110_165736/MDDB.META_MT6763_S00_MOLY_LR12A_R2_MP_V61_22_1_ulwctg_n.EDB D:\AutoTest\monkey\log/MTBF-log/20200110_165756/S19F00013/mtklog_20200110_165802/mnt/sdcard/mtklog/mdlog1/MDLog1_2020_0110_165736/MDDB.META_MT6763_S00_MOLY_LR12A_R2_MP_V61_22_1_ulwctg_n.EDB
[2020-01-10 16:58:44,428] (thread_S19F00013)(AdbAdapter.java): shell cmd:  D:\AutoTest\monkey\log\adb -s S19F00013 pull /mnt/sdcard/mtklog/mdlog1/MDLog1_2020_0110_165736/MDDB.META.ODB_MT6763_S00_MOLY_LR12A_R2_MP_V61_22_1_ulwctg_n.XML.GZ D:\AutoTest\monkey\log/MTBF-log/20200110_165756/S19F00013/mtklog_20200110_165802/mnt/sdcard/mtklog/mdlog1/MDLog1_2020_0110_165736/MDDB.META.ODB_MT6763_S00_MOLY_LR12A_R2_MP_V61_22_1_ulwctg_n.XML.GZ
[2020-01-10 16:58:45,557] (thread_S19F00013)(AdbAdapter.java): shell cmd:  D:\AutoTest\monkey\log\adb -s S19F00013 pull /mnt/sdcard/mtklog/mdlog1/MDLog1_2020_0110_165736/DbgInfo_LR12A.R2.MP_VE508_MOLY_LR12A_R2_MP_V61_22_2019_08_30_09_47_1_ulwctg_n D:\AutoTest\monkey\log/MTBF-log/20200110_165756/S19F00013/mtklog_20200110_165802/mnt/sdcard/mtklog/mdlog1/MDLog1_2020_0110_165736/DbgInfo_LR12A.R2.MP_VE508_MOLY_LR12A_R2_MP_V61_22_2019_08_30_09_47_1_ulwctg_n
[2020-01-10 16:58:47,047] (thread_S19F00013)(AdbAdapter.java): shell cmd:  D:\AutoTest\monkey\log\adb -s S19F00013 pull /mnt/sdcard/mtklog/mdlog1/MDLog1_2020_0110_141228/version_info.txt D:\AutoTest\monkey\log/MTBF-log/20200110_165756/S19F00013/mtklog_20200110_165802/mnt/sdcard/mtklog/mdlog1/MDLog1_2020_0110_141228/version_info.txt
[2020-01-10 16:58:48,280] (thread_S19F00013)(AdbAdapter.java): shell cmd:  D:\AutoTest\monkey\log\adb -s S19F00013 pull /mnt/sdcard/mtklog/mdlog1/MDLog1_2020_0110_141228/MDLog1_2020_0110_164607.muxz D:\AutoTest\monkey\log/MTBF-log/20200110_165756/S19F00013/mtklog_20200110_165802/mnt/sdcard/mtklog/mdlog1/MDLog1_2020_0110_141228/MDLog1_2020_0110_164607.muxz
[2020-01-10 16:58:49,615] (thread_S19F00013)(AdbAdapter.java): shell cmd:  D:\AutoTest\monkey\log\adb -s S19F00013 pull /data/aee_exp/db_history D:\AutoTest\monkey\log/MTBF-log/20200110_165756/S19F00013/mtklog_20200110_165802/data/aee_exp/db_history
[2020-01-10 16:58:50,686] (thread_S19F00013)(AdbAdapter.java): shell cmd:  D:\AutoTest\monkey\log\adb -s S19F00013 shell rm /mnt/sdcard/mtklog/netlog/NTLog_2020_0110_141225/tcpdump_NTLog_2020_0110_141225_start.cap.tmp
[2020-01-10 16:58:50,868] (thread_S19F00013)(AdbAdapter.java): shell cmd:  D:\AutoTest\monkey\log\adb -s S19F00013 shell rm /mnt/sdcard/mtklog/netlog/NTLog_2020_0110_141225/dump-stats-2020_0110_165651_stop.txt
[2020-01-10 16:58:51,053] (thread_S19F00013)(AdbAdapter.java): shell cmd:  D:\AutoTest\monkey\log\adb -s S19F00013 shell rm /mnt/sdcard/mtklog/mobilelog/APLog_2020_0110_165733__7/sys_log.boot
[2020-01-10 16:58:51,289] (thread_S19F00013)(AdbAdapter.java): shell cmd:  D:\AutoTest\monkey\log\adb -s S19F00013 shell rm /mnt/sdcard/mtklog/mobilelog/APLog_2020_0110_165733__7/sspm_log.boot
[2020-01-10 16:58:51,497] (thread_S19F00013)(AdbAdapter.java): shell cmd:  D:\AutoTest\monkey\log\adb -s S19F00013 shell rm /mnt/sdcard/mtklog/mobilelog/APLog_2020_0110_165733__7/radio_log.boot
[2020-01-10 16:58:51,688] (thread_S19F00013)(AdbAdapter.java): shell cmd:  D:\AutoTest\monkey\log\adb -s S19F00013 shell rm /mnt/sdcard/mtklog/mobilelog/APLog_2020_0110_165733__7/main_log.boot
[2020-01-10 16:58:51,887] (thread_S19F00013)(AdbAdapter.java): shell cmd:  D:\AutoTest\monkey\log\adb -s S19F00013 shell rm /mnt/sdcard/mtklog/mobilelog/APLog_2020_0110_165733__7/kernel_log.boot
[2020-01-10 16:58:52,074] (thread_S19F00013)(AdbAdapter.java): shell cmd:  D:\AutoTest\monkey\log\adb -s S19F00013 shell rm /mnt/sdcard/mtklog/mobilelog/APLog_2020_0110_165733__7/events_log.boot
[2020-01-10 16:58:52,266] (thread_S19F00013)(AdbAdapter.java): shell cmd:  D:\AutoTest\monkey\log\adb -s S19F00013 shell rm /mnt/sdcard/mtklog/mobilelog/APLog_2020_0110_165733__7/crash_log.boot
[2020-01-10 16:58:52,382] (thread_S19F00013)(AdbAdapter.java): shell cmd:  D:\AutoTest\monkey\log\adb -s S19F00013 shell rm /mnt/sdcard/mtklog/mobilelog/APLog_2020_0110_165733__7/bsp_log.boot
[2020-01-10 16:58:52,505] (thread_S19F00013)(AdbAdapter.java): shell cmd:  D:\AutoTest\monkey\log\adb -s S19F00013 shell rm /mnt/sdcard/mtklog/mobilelog/APLog_2020_0110_165733__7/atf_log.boot
[2020-01-10 16:58:52,627] (thread_S19F00013)(AdbAdapter.java): shell cmd:  D:\AutoTest\monkey\log\adb -s S19F00013 shell rm /mnt/sdcard/mtklog/mobilelog/APLog_2020_0110_141225__6/sys_log_7__2020_0110_165651.LoNg
[2020-01-10 16:58:52,741] (thread_S19F00013)(AdbAdapter.java): shell cmd:  D:\AutoTest\monkey\log\adb -s S19F00013 shell rm /mnt/sdcard/mtklog/mobilelog/APLog_2020_0110_141225__6/sspm_log_12__2020_0110_165651.LoNg
[2020-01-10 16:58:52,856] (thread_S19F00013)(AdbAdapter.java): shell cmd:  D:\AutoTest\monkey\log\adb -s S19F00013 shell rm /mnt/sdcard/mtklog/mobilelog/APLog_2020_0110_141225__6/radio_log_5__2020_0110_165651.LoNg
[2020-01-10 16:58:53,035] (thread_S19F00013)(AdbAdapter.java): shell cmd:  D:\AutoTest\monkey\log\adb -s S19F00013 shell rm /mnt/sdcard/mtklog/mobilelog/APLog_2020_0110_141225__6/properties
[2020-01-10 16:58:53,241] (thread_S19F00013)(AdbAdapter.java): shell cmd:  D:\AutoTest\monkey\log\adb -s S19F00013 shell rm /mnt/sdcard/mtklog/mobilelog/APLog_2020_0110_141225__6/pl_lk
[2020-01-10 16:58:53,453] (thread_S19F00013)(AdbAdapter.java): shell cmd:  D:\AutoTest\monkey\log\adb -s S19F00013 shell rm /mnt/sdcard/mtklog/mobilelog/APLog_2020_0110_141225__6/mblog_history
[2020-01-10 16:58:53,662] (thread_S19F00013)(AdbAdapter.java): shell cmd:  D:\AutoTest\monkey\log\adb -s S19F00013 shell rm /mnt/sdcard/mtklog/mobilelog/APLog_2020_0110_141225__6/main_log_4__2020_0110_165651.LoNg
[2020-01-10 16:58:53,842] (thread_S19F00013)(AdbAdapter.java): shell cmd:  D:\AutoTest\monkey\log\adb -s S19F00013 shell rm /mnt/sdcard/mtklog/mobilelog/APLog_2020_0110_141225__6/last_kmsg
[2020-01-10 16:58:54,067] (thread_S19F00013)(AdbAdapter.java): shell cmd:  D:\AutoTest\monkey\log\adb -s S19F00013 shell rm /mnt/sdcard/mtklog/mobilelog/APLog_2020_0110_141225__6/kernel_log_9__2020_0110_165651.LoNg
[2020-01-10 16:58:54,266] (thread_S19F00013)(AdbAdapter.java): shell cmd:  D:\AutoTest\monkey\log\adb -s S19F00013 shell rm /mnt/sdcard/mtklog/mobilelog/APLog_2020_0110_141225__6/events_log_6__2020_0110_165651.LoNg
[2020-01-10 16:58:54,452] (thread_S19F00013)(AdbAdapter.java): shell cmd:  D:\AutoTest\monkey\log\adb -s S19F00013 shell rm /mnt/sdcard/mtklog/mobilelog/APLog_2020_0110_141225__6/crash_log_8__2020_0110_165651.LoNg
[2020-01-10 16:58:54,659] (thread_S19F00013)(AdbAdapter.java): shell cmd:  D:\AutoTest\monkey\log\adb -s S19F00013 shell rm /mnt/sdcard/mtklog/mobilelog/APLog_2020_0110_141225__6/cmdline
[2020-01-10 16:58:54,841] (thread_S19F00013)(AdbAdapter.java): shell cmd:  D:\AutoTest\monkey\log\adb -s S19F00013 shell rm /mnt/sdcard/mtklog/mobilelog/APLog_2020_0110_141225__6/bsp_log_11__2020_0110_165651.LoNg
[2020-01-10 16:58:55,045] (thread_S19F00013)(AdbAdapter.java): shell cmd:  D:\AutoTest\monkey\log\adb -s S19F00013 shell rm /mnt/sdcard/mtklog/mobilelog/APLog_2020_0110_141225__6/bootprof
[2020-01-10 16:58:55,253] (thread_S19F00013)(AdbAdapter.java): shell cmd:  D:\AutoTest\monkey\log\adb -s S19F00013 shell rm /mnt/sdcard/mtklog/mobilelog/APLog_2020_0110_141225__6/atf_log_10__2020_0110_165651.LoNg
[2020-01-10 16:58:55,404] (thread_S19F00013)(AdbAdapter.java): shell cmd:  D:\AutoTest\monkey\log\adb -s S19F00013 shell rm /mnt/sdcard/mtklog/mobilelog/APLog_2020_0110_141225__6/ProjectConfig.mk
[2020-01-10 16:58:55,581] (thread_S19F00013)(AdbAdapter.java): shell cmd:  D:\AutoTest\monkey\log\adb -s S19F00013 shell rm /mnt/sdcard/mtklog/mdlog1_config/filter_config
[2020-01-10 16:58:55,755] (thread_S19F00013)(AdbAdapter.java): shell cmd:  D:\AutoTest\monkey\log\adb -s S19F00013 shell rm /mnt/sdcard/mtklog/mdlog1/MDLog1_2020_0110_165736/mdm_layout_desc_1_ulwctg_n.dat
[2020-01-10 16:58:55,929] (thread_S19F00013)(AdbAdapter.java): shell cmd:  D:\AutoTest\monkey\log\adb -s S19F00013 shell rm /mnt/sdcard/mtklog/mdlog1/MDLog1_2020_0110_165736/MDLog1_2020_0110_165720_data.muxz
[2020-01-10 16:58:56,125] (thread_S19F00013)(AdbAdapter.java): shell cmd:  D:\AutoTest\monkey\log\adb -s S19F00013 shell rm /mnt/sdcard/mtklog/mdlog1/MDLog1_2020_0110_165736/MDDB_InfoCustomAppSrcP_MT6763_S00_MOLY_LR12A_R2_MP_V61_22_1_ulwctg_n.EDB
[2020-01-10 16:58:56,331] (thread_S19F00013)(AdbAdapter.java): shell cmd:  D:\AutoTest\monkey\log\adb -s S19F00013 shell rm /mnt/sdcard/mtklog/mdlog1/MDLog1_2020_0110_165736/MDDB.META_MT6763_S00_MOLY_LR12A_R2_MP_V61_22_1_ulwctg_n.EDB
[2020-01-10 16:58:56,511] (thread_S19F00013)(AdbAdapter.java): shell cmd:  D:\AutoTest\monkey\log\adb -s S19F00013 shell rm /mnt/sdcard/mtklog/mdlog1/MDLog1_2020_0110_165736/MDDB.META.ODB_MT6763_S00_MOLY_LR12A_R2_MP_V61_22_1_ulwctg_n.XML.GZ
[2020-01-10 16:58:56,721] (thread_S19F00013)(AdbAdapter.java): shell cmd:  D:\AutoTest\monkey\log\adb -s S19F00013 shell rm /mnt/sdcard/mtklog/mdlog1/MDLog1_2020_0110_165736/DbgInfo_LR12A.R2.MP_VE508_MOLY_LR12A_R2_MP_V61_22_2019_08_30_09_47_1_ulwctg_n
[2020-01-10 16:58:56,909] (thread_S19F00013)(AdbAdapter.java): shell cmd:  D:\AutoTest\monkey\log\adb -s S19F00013 shell rm /mnt/sdcard/mtklog/mdlog1/MDLog1_2020_0110_141228/version_info.txt
[2020-01-10 16:58:57,089] (thread_S19F00013)(AdbAdapter.java): shell cmd:  D:\AutoTest\monkey\log\adb -s S19F00013 shell rm /mnt/sdcard/mtklog/mdlog1/MDLog1_2020_0110_141228/MDLog1_2020_0110_164607.muxz
[2020-01-10 16:58:57,308] (thread_S19F00013)(AdbOP.java): Shell cmd will not rm ReadOnly file: /data/aee_exp/db_history
[2020-01-10 16:58:57,353] (thread_S19F00013)(ProcessRun.java): listfile length:2
[2020-01-10 16:58:57,358] (thread_S19F00013)(ProcessRun.java): file length:5.6529049E7
[2020-01-10 16:58:57,362] (thread_S19F00013)(ProcessRun.java): Rename D:\AutoTest\monkey\log/MTBF-log/20200110_165756/S19F00013/mtklog_20200110_165802/to D:\AutoTest\monkey\log/MTBF-log/20200110_165756/S19F00013/mtklog_20200110_165802
[2020-01-10 16:58:57,362] (thread_S19F00013)(ProcessRun.java): Sleep 239s
[2020-01-10 17:02:56,654] (thread_S19F00013)(AdbAdapter.java): shell cmd:  D:\AutoTest\monkey\log\adb -s S19F00013 shell am broadcast -a com.mediatek.mtklogger.ADB_CMD -e cmd_name switch_taglog --ei cmd_target 0 -f 0x04000000
[2020-01-10 17:02:56,899] (thread_S19F00013)(AdbAdapter.java): shell cmd:  D:\AutoTest\monkey\log\adb -s S19F00013 shell ls -R -l /data/aee_exp/ /data/core/ /mnt/sdcard/mtklog/aee_exp/ /mnt/sdcard0/mtklog/ /mnt/m_external_sd/mtklog/ /mnt/sdcard/mtklog/ /mnt/sdcard2/mtklog/ /mnt/sdcard1/mtklog/ data/vendor/mtklog/aee_exp/ /data/tombstones/ /data/mdlog/bootupLog/ data/aee_exp/ /mnt/sdcard/mtklog/taglog/
[2020-01-10 17:02:57,058] (thread_S19F00013)(AdbAdapter.java): shell cmd:  D:\AutoTest\monkey\log\adb -s S19F00013 shell id
[2020-01-10 17:02:57,245] (thread_S19F00013)(DataFolderCache.java): filter out repeat data file. sn:S19F00013 path:/data/aee_exp/db_history raw:-rw-r--r-- 1 root root 0 2010-01-01 08:00 db_history
[2020-01-10 17:02:57,245] (thread_S19F00013)(AdbAdapter.java): shell cmd:  D:\AutoTest\monkey\log\adb -s S19F00013 shell am broadcast -a com.mediatek.mtklogger.ADB_CMD -e cmd_name start --ei cmd_target 7 -f 0x04000000
[2020-01-10 17:03:02,452] (thread_S19F00013)(AdbAdapter.java): shell cmd:  D:\AutoTest\monkey\log\adb -s S19F00013 shell date +%Y-%m-%d_%H:%M:%S
[2020-01-10 17:03:02,625] (thread_S19F00013)(ProcessRun.java): get devices time success!!
[2020-01-10 17:03:02,625] (thread_S19F00013)(ProcessRun.java): skip root folder: /mnt/sdcard/mtklog/netlog/
[2020-01-10 17:03:02,625] (thread_S19F00013)(ProcessRun.java): skip root folder: /mnt/sdcard/mtklog/mobilelog/
[2020-01-10 17:03:02,625] (thread_S19F00013)(ProcessRun.java): skip root folder: /mnt/sdcard/mtklog/mdlog1/
[2020-01-10 17:03:02,625] (thread_S19F00013)(ProcessRun.java): skip currentMobilelogFolder: /mnt/sdcard/mtklog/mobilelog/APLog_2020_0110_165733__7/
[2020-01-10 17:03:02,626] (thread_S19F00013)(ProcessRun.java): skip currentNetlogFolder: /mnt/sdcard/mtklog/netlog/NTLog_2020_0110_165733/
[2020-01-10 17:03:02,626] (thread_S19F00013)(ProcessRun.java): skip currentModemlog_1_Folder: /mnt/sdcard/mtklog/mdlog1/MDLog1_2020_0110_165736/
[2020-01-10 17:03:02,626] (thread_S19F00013)(ProcessRun.java): current netlog: /mnt/sdcard/mtklog/netlog/NTLog_2020_0110_165733/tcpdump_NTLog_2020_0110_165733_start.cap.tmp
[2020-01-10 17:03:02,626] (thread_S19F00013)(ProcessRun.java): current mdlog1: /mnt/sdcard/mtklog/mdlog1/MDLog1_2020_0110_165736/version_info.txt
[2020-01-10 17:03:02,626] (thread_S19F00013)(ProcessRun.java): current mdlog1: /mnt/sdcard/mtklog/mdlog1/MDLog1_2020_0110_165736/MDLog1_2020_0110_165736.muxz.tmp
[2020-01-10 17:03:02,627] (thread_S19F00013)(ProcessRun.java): NO logs pulled out in this check !!!
[2020-01-10 17:03:02,628] (thread_S19F00013)(ProcessRun.java): delete dir: D:\AutoTest\monkey\log/MTBF-log/20200110_165756/S19F00013/mtklog_20200110_170302/
[2020-01-10 17:03:02,629] (thread_S19F00013)(ProcessRun.java): Sleep 294s
[2020-01-10 17:03:56,653] (main)(AdbAdapter.java): shell cmd:  D:\AutoTest\monkey\log\adb devices
[2020-01-10 17:03:56,742] (main)(AdbOP.java): device SN: S19F00013
[2020-01-10 17:03:56,742] (main)(Main.java): current thread:thread_S19F0001314
